CRITICAL - 2025-05-23 08:36:44 --> CodeIgniter\View\Exceptions\ViewException: Invalid file: "/templates/header.php"
[Method: GET, Route: /]
in SYSTEMPATH\Exceptions\FrameworkException.php on line 39.
 1 SYSTEMPATH\View\View.php(212): CodeIgniter\Exceptions\FrameworkException::forInvalidFile('/templates/header.php')
 2 SYSTEMPATH\Common.php(1173): CodeIgniter\View\View->render('/templates/header', [], true)
 3 APPPATH\Views\pages\landing_view.php(3): view('/templates/header')
 4 SYSTEMPATH\View\View.php(224): include('C:\\xampp\\htdocs\\studiolib\\app\\Views\\pages\\landing_view.php')
 5 SYSTEMPATH\View\View.php(227): CodeIgniter\View\View->CodeIgniter\View\{closure}()
 6 SYSTEMPATH\Common.php(1173): CodeIgniter\View\View->render('pages/landing_view', [], true)
 7 APPPATH\Controllers\Home.php(9): view('pages/landing_view')
 8 SYSTEMPATH\CodeIgniter.php(933): App\Controllers\Home->index()
 9 SYSTEMPATH\CodeIgniter.php(507): CodeIgniter\CodeIgniter->runController(Object(App\Controllers\Home))
10 SYSTEMPATH\CodeIgniter.php(354): CodeIgniter\CodeIgniter->handleRequest(null, Object(Config\Cache), false)
11 SYSTEMPATH\Boot.php(334): CodeIgniter\CodeIgniter->run()
12 SYSTEMPATH\Boot.php(67): CodeIgniter\Boot::runCodeIgniter(Object(CodeIgniter\CodeIgniter))
13 FCPATH\index.php(59): CodeIgniter\Boot::bootWeb(Object(Config\Paths))
CRITICAL - 2025-05-23 21:50:42 --> CodeIgniter\View\Exceptions\ViewException: Invalid file: "pages/auth/signup_view.php"
[Method: GET, Route: signup]
in SYSTEMPATH\Exceptions\FrameworkException.php on line 39.
 1 SYSTEMPATH\View\View.php(212): CodeIgniter\Exceptions\FrameworkException::forInvalidFile('pages/auth/signup_view.php')
 2 SYSTEMPATH\Common.php(1173): CodeIgniter\View\View->render('pages/auth/signup_view', [], true)
 3 APPPATH\Controllers\SignupController.php(9): view('pages/auth/signup_view')
 4 SYSTEMPATH\CodeIgniter.php(933): App\Controllers\SignupController->index()
 5 SYSTEMPATH\CodeIgniter.php(507): CodeIgniter\CodeIgniter->runController(Object(App\Controllers\SignupController))
 6 SYSTEMPATH\CodeIgniter.php(354): CodeIgniter\CodeIgniter->handleRequest(null, Object(Config\Cache), false)
 7 SYSTEMPATH\Boot.php(334): CodeIgniter\CodeIgniter->run()
 8 SYSTEMPATH\Boot.php(67): CodeIgniter\Boot::runCodeIgniter(Object(CodeIgniter\CodeIgniter))
 9 FCPATH\index.php(59): CodeIgniter\Boot::bootWeb(Object(Config\Paths))
